stdio    D         file_stdio.c:110  file_stdio_fopen                 [   0.00000] opening C:\Users\MartinPearson\source\repos\c-language-project\Pokemon\x64\Debug\allegro5.cfg r
system   D            wsystem.c:802  maybe_parent_dir                 [   0.00000] Also searching C:\Users\MartinPearson\source\repos\c-language-project\Pokemon\x64\
system   D            wsystem.c:852  _al_win_safe_load_library        [   0.00000] PathFindOnPath found: C:\WINDOWS\system32\shcore.dll
system   D            wsystem.c:763  load_library_at_path             [   0.00000] Calling LoadLibrary C:\WINDOWS\system32\shcore.dll
system   I            wsystem.c:766  load_library_at_path             [   0.00000] Loaded C:\WINDOWS\system32\shcore.dll
system   I             system.c:267  al_install_system                [   0.00000] Allegro version: 5.2.5
stdio    D         file_stdio.c:110  file_stdio_fopen                 [   0.00049] opening fonts/Roboto-Medium.ttf rb
font     D                ttf.c:942  al_load_ttf_font_stretch_f       [   0.00105] Font fonts/Roboto-Medium.ttf loaded with pixel size 0 x 50.
font     D                ttf.c:944  al_load_ttf_font_stretch_f       [   0.00111]     ascent=47.0, descent=-13.0, height=59.0
dtor     D               dtor.c:196  _al_register_destructor          [   0.00117] added dtor for ttf_font 0000025D90E82FE0, func 00007FFEBA0E119F
stdio    D         file_stdio.c:110  file_stdio_fopen                 [   0.00121] opening fonts/Roboto-Medium.ttf rb
font     D                ttf.c:942  al_load_ttf_font_stretch_f       [   0.00157] Font fonts/Roboto-Medium.ttf loaded with pixel size 0 x 20.
font     D                ttf.c:944  al_load_ttf_font_stretch_f       [   0.00161]     ascent=19.0, descent=-5.0, height=23.0
dtor     D               dtor.c:196  _al_register_destructor          [   0.00165] added dtor for ttf_font 0000025D90E83360, func 00007FFEBA0E119F
stdio    D         file_stdio.c:110  file_stdio_fopen                 [   0.00168] opening fonts/Roboto-Medium.ttf rb
font     D                ttf.c:942  al_load_ttf_font_stretch_f       [   0.00212] Font fonts/Roboto-Medium.ttf loaded with pixel size 0 x 20.
font     D                ttf.c:944  al_load_ttf_font_stretch_f       [   0.00215]     ascent=19.0, descent=-5.0, height=23.0
dtor     D               dtor.c:196  _al_register_destructor          [   0.00219] added dtor for ttf_font 0000025D90E834B0, func 00007FFEBA0E119F
dtor     D               dtor.c:196  _al_register_destructor          [   0.00223] added dtor for queue 0000025D90E7F390, func 00007FFE75B51519
system   D            wsystem.c:852  _al_win_safe_load_library        [   0.00238] PathFindOnPath found: C:\WINDOWS\system32\d3d9.dll
system   D            wsystem.c:763  load_library_at_path             [   0.00241] Calling LoadLibrary C:\WINDOWS\system32\d3d9.dll
system   I            wsystem.c:766  load_library_at_path             [   0.00743] Loaded C:\WINDOWS\system32\d3d9.dll
d3d      I         d3d_disp.cpp:674  d3d_init_display                 [   0.03460] Render-to-texture: 1
d3d      I         d3d_disp.cpp:1768 d3d_create_display_locked        [   0.03840] faux_fullscreen=0
d3d      D         d3d_disp.cpp:1769 d3d_create_display_locked        [   0.03845] al_display=0000025D90ED7340
d3d      D         d3d_disp.cpp:1770 d3d_create_display_locked        [   0.03852] al_display->vt=0000025D90ED0E30
d3d      I d3d_display_formats.cpp:144  _al_d3d_generate_display_format_list [   0.04512] found 64 format combinations
display  D   display_settings.c:212  debug_display_settings           [   0.04518] color: 32 (rgba 8880), depth: 0, stencil: 0, acc: 0000, samples: 0/0
display  D   display_settings.c:527  _al_score_display_settings       [   0.04521] Score is : 897
display  D   display_settings.c:212  debug_display_settings           [   0.04523] color: 32 (rgba 8880), depth: 0, stencil: 0, acc: 0000, samples: 0/0
display  D   display_settings.c:527  _al_score_display_settings       [   0.04525] Score is : 897
display  D   display_settings.c:212  debug_display_settings           [   0.04527] color: 32 (rgba 8880), depth: 24, stencil: 8, acc: 0000, samples: 0/0
display  D   display_settings.c:527  _al_score_display_settings       [   0.04534] Score is : 897
display  D   display_settings.c:212  debug_display_settings           [   0.04536] color: 32 (rgba 8880), depth: 24, stencil: 8, acc: 0000, samples: 0/0
display  D   display_settings.c:527  _al_score_display_settings       [   0.04539] Score is : 897
display  D   display_settings.c:212  debug_display_settings           [   0.04541] color: 32 (rgba 8880), depth: 24, stencil: 0, acc: 0000, samples: 0/0
display  D   display_settings.c:527  _al_score_display_settings       [   0.04543] Score is : 897
display  D   display_settings.c:212  debug_display_settings           [   0.04545] color: 32 (rgba 8880), depth: 24, stencil: 0, acc: 0000, samples: 0/0
display  D   display_settings.c:527  _al_score_display_settings       [   0.04547] Score is : 897
display  D   display_settings.c:212  debug_display_settings           [   0.04549] color: 32 (rgba 8880), depth: 16, stencil: 0, acc: 0000, samples: 0/0
display  D   display_settings.c:527  _al_score_display_settings       [   0.04551] Score is : 897
display  D   display_settings.c:212  debug_display_settings           [   0.04553] color: 32 (rgba 8880), depth: 16, stencil: 0, acc: 0000, samples: 0/0
display  D   display_settings.c:527  _al_score_display_settings       [   0.04555] Score is : 897
display  D   display_settings.c:212  debug_display_settings           [   0.04559] color: 16 (rgba 5650), depth: 0, stencil: 0, acc: 0000, samples: 0/0
display  D   display_settings.c:527  _al_score_display_settings       [   0.04564] Score is : 897
display  D   display_settings.c:212  debug_display_settings           [   0.04567] color: 16 (rgba 5650), depth: 0, stencil: 0, acc: 0000, samples: 0/0
display  D   display_settings.c:527  _al_score_display_settings       [   0.04572] Score is : 897
display  D   display_settings.c:212  debug_display_settings           [   0.04576] color: 16 (rgba 5650), depth: 24, stencil: 8, acc: 0000, samples: 0/0
display  D   display_settings.c:527  _al_score_display_settings       [   0.04580] Score is : 897
display  D   display_settings.c:212  debug_display_settings           [   0.04584] color: 16 (rgba 5650), depth: 24, stencil: 8, acc: 0000, samples: 0/0
display  D   display_settings.c:527  _al_score_display_settings       [   0.04588] Score is : 897
display  D   display_settings.c:212  debug_display_settings           [   0.04590] color: 16 (rgba 5650), depth: 24, stencil: 0, acc: 0000, samples: 0/0
display  D   display_settings.c:527  _al_score_display_settings       [   0.04592] Score is : 897
display  D   display_settings.c:212  debug_display_settings           [   0.04594] color: 16 (rgba 5650), depth: 24, stencil: 0, acc: 0000, samples: 0/0
display  D   display_settings.c:527  _al_score_display_settings       [   0.04596] Score is : 897
display  D   display_settings.c:212  debug_display_settings           [   0.04598] color: 16 (rgba 5650), depth: 16, stencil: 0, acc: 0000, samples: 0/0
display  D   display_settings.c:527  _al_score_display_settings       [   0.04600] Score is : 897
display  D   display_settings.c:212  debug_display_settings           [   0.04602] color: 16 (rgba 5650), depth: 16, stencil: 0, acc: 0000, samples: 0/0
display  D   display_settings.c:527  _al_score_display_settings       [   0.04604] Score is : 897
display  D   display_settings.c:212  debug_display_settings           [   0.04606] color: 32 (rgba 8880), depth: 0, stencil: 0, acc: 0000, samples: 0/0
display  D   display_settings.c:398  _al_score_display_settings       [   0.04609] Single Buffer requirement not met.
display  D   display_settings.c:212  debug_display_settings           [   0.04610] color: 32 (rgba 8880), depth: 0, stencil: 0, acc: 0000, samples: 0/0
display  D   display_settings.c:398  _al_score_display_settings       [   0.04613] Single Buffer requirement not met.
display  D   display_settings.c:212  debug_display_settings           [   0.04615] color: 32 (rgba 8880), depth: 24, stencil: 8, acc: 0000, samples: 0/0
display  D   display_settings.c:398  _al_score_display_settings       [   0.04619] Single Buffer requirement not met.
display  D   display_settings.c:212  debug_display_settings           [   0.04622] color: 32 (rgba 8880), depth: 24, stencil: 8, acc: 0000, samples: 0/0
display  D   display_settings.c:398  _al_score_display_settings       [   0.04624] Single Buffer requirement not met.
display  D   display_settings.c:212  debug_display_settings           [   0.04626] color: 32 (rgba 8880), depth: 24, stencil: 0, acc: 0000, samples: 0/0
display  D   display_settings.c:398  _al_score_display_settings       [   0.04628] Single Buffer requirement not met.
display  D   display_settings.c:212  debug_display_settings           [   0.04630] color: 32 (rgba 8880), depth: 24, stencil: 0, acc: 0000, samples: 0/0
display  D   display_settings.c:398  _al_score_display_settings       [   0.04632] Single Buffer requirement not met.
display  D   display_settings.c:212  debug_display_settings           [   0.04634] color: 32 (rgba 8880), depth: 16, stencil: 0, acc: 0000, samples: 0/0
display  D   display_settings.c:398  _al_score_display_settings       [   0.04636] Single Buffer requirement not met.
display  D   display_settings.c:212  debug_display_settings           [   0.04638] color: 32 (rgba 8880), depth: 16, stencil: 0, acc: 0000, samples: 0/0
display  D   display_settings.c:398  _al_score_display_settings       [   0.04641] Single Buffer requirement not met.
display  D   display_settings.c:212  debug_display_settings           [   0.04642] color: 16 (rgba 5650), depth: 0, stencil: 0, acc: 0000, samples: 0/0
display  D   display_settings.c:398  _al_score_display_settings       [   0.04645] Single Buffer requirement not met.
display  D   display_settings.c:212  debug_display_settings           [   0.04647] color: 16 (rgba 5650), depth: 0, stencil: 0, acc: 0000, samples: 0/0
display  D   display_settings.c:398  _al_score_display_settings       [   0.04649] Single Buffer requirement not met.
display  D   display_settings.c:212  debug_display_settings           [   0.04651] color: 16 (rgba 5650), depth: 24, stencil: 8, acc: 0000, samples: 0/0
display  D   display_settings.c:398  _al_score_display_settings       [   0.04653] Single Buffer requirement not met.
display  D   display_settings.c:212  debug_display_settings           [   0.04655] color: 16 (rgba 5650), depth: 24, stencil: 8, acc: 0000, samples: 0/0
display  D   display_settings.c:398  _al_score_display_settings       [   0.04657] Single Buffer requirement not met.
display  D   display_settings.c:212  debug_display_settings           [   0.04659] color: 16 (rgba 5650), depth: 24, stencil: 0, acc: 0000, samples: 0/0
display  D   display_settings.c:398  _al_score_display_settings       [   0.04661] Single Buffer requirement not met.
display  D   display_settings.c:212  debug_display_settings           [   0.04663] color: 16 (rgba 5650), depth: 24, stencil: 0, acc: 0000, samples: 0/0
display  D   display_settings.c:398  _al_score_display_settings       [   0.04668] Single Buffer requirement not met.
display  D   display_settings.c:212  debug_display_settings           [   0.04672] color: 16 (rgba 5650), depth: 16, stencil: 0, acc: 0000, samples: 0/0
display  D   display_settings.c:398  _al_score_display_settings       [   0.04676] Single Buffer requirement not met.
display  D   display_settings.c:212  debug_display_settings           [   0.04680] color: 16 (rgba 5650), depth: 16, stencil: 0, acc: 0000, samples: 0/0
display  D   display_settings.c:398  _al_score_display_settings       [   0.04685] Single Buffer requirement not met.
display  D   display_settings.c:212  debug_display_settings           [   0.04690] color: 32 (rgba 8880), depth: 0, stencil: 0, acc: 0000, samples: 0/0
display  D   display_settings.c:527  _al_score_display_settings       [   0.04695] Score is : 769
display  D   display_settings.c:212  debug_display_settings           [   0.04699] color: 32 (rgba 8880), depth: 0, stencil: 0, acc: 0000, samples: 0/0
display  D   display_settings.c:527  _al_score_display_settings       [   0.04706] Score is : 769
display  D   display_settings.c:212  debug_display_settings           [   0.04708] color: 32 (rgba 8880), depth: 24, stencil: 8, acc: 0000, samples: 0/0
display  D   display_settings.c:527  _al_score_display_settings       [   0.04713] Score is : 769
display  D   display_settings.c:212  debug_display_settings           [   0.04717] color: 32 (rgba 8880), depth: 24, stencil: 8, acc: 0000, samples: 0/0
display  D   display_settings.c:527  _al_score_display_settings       [   0.04721] Score is : 769
display  D   display_settings.c:212  debug_display_settings           [   0.04725] color: 32 (rgba 8880), depth: 24, stencil: 0, acc: 0000, samples: 0/0
display  D   display_settings.c:527  _al_score_display_settings       [   0.04729] Score is : 769
display  D   display_settings.c:212  debug_display_settings           [   0.04733] color: 32 (rgba 8880), depth: 24, stencil: 0, acc: 0000, samples: 0/0
display  D   display_settings.c:527  _al_score_display_settings       [   0.04737] Score is : 769
display  D   display_settings.c:212  debug_display_settings           [   0.04741] color: 32 (rgba 8880), depth: 16, stencil: 0, acc: 0000, samples: 0/0
display  D   display_settings.c:527  _al_score_display_settings       [   0.04745] Score is : 769
display  D   display_settings.c:212  debug_display_settings           [   0.04749] color: 32 (rgba 8880), depth: 16, stencil: 0, acc: 0000, samples: 0/0
display  D   display_settings.c:527  _al_score_display_settings       [   0.04752] Score is : 769
display  D   display_settings.c:212  debug_display_settings           [   0.04754] color: 16 (rgba 5650), depth: 0, stencil: 0, acc: 0000, samples: 0/0
display  D   display_settings.c:527  _al_score_display_settings       [   0.04756] Score is : 769
display  D   display_settings.c:212  debug_display_settings           [   0.04758] color: 16 (rgba 5650), depth: 0, stencil: 0, acc: 0000, samples: 0/0
display  D   display_settings.c:527  _al_score_display_settings       [   0.04760] Score is : 769
display  D   display_settings.c:212  debug_display_settings           [   0.04762] color: 16 (rgba 5650), depth: 24, stencil: 8, acc: 0000, samples: 0/0
display  D   display_settings.c:527  _al_score_display_settings       [   0.04764] Score is : 769
display  D   display_settings.c:212  debug_display_settings           [   0.04766] color: 16 (rgba 5650), depth: 24, stencil: 8, acc: 0000, samples: 0/0
display  D   display_settings.c:527  _al_score_display_settings       [   0.04768] Score is : 769
display  D   display_settings.c:212  debug_display_settings           [   0.04770] color: 16 (rgba 5650), depth: 24, stencil: 0, acc: 0000, samples: 0/0
display  D   display_settings.c:527  _al_score_display_settings       [   0.04772] Score is : 769
display  D   display_settings.c:212  debug_display_settings           [   0.04774] color: 16 (rgba 5650), depth: 24, stencil: 0, acc: 0000, samples: 0/0
display  D   display_settings.c:527  _al_score_display_settings       [   0.04776] Score is : 769
display  D   display_settings.c:212  debug_display_settings           [   0.04778] color: 16 (rgba 5650), depth: 16, stencil: 0, acc: 0000, samples: 0/0
display  D   display_settings.c:527  _al_score_display_settings       [   0.04780] Score is : 769
display  D   display_settings.c:212  debug_display_settings           [   0.04782] color: 16 (rgba 5650), depth: 16, stencil: 0, acc: 0000, samples: 0/0
display  D   display_settings.c:527  _al_score_display_settings       [   0.04785] Score is : 769
display  D   display_settings.c:212  debug_display_settings           [   0.04788] color: 32 (rgba 8880), depth: 0, stencil: 0, acc: 0000, samples: 0/0
display  D   display_settings.c:398  _al_score_display_settings       [   0.04792] Single Buffer requirement not met.
display  D   display_settings.c:212  debug_display_settings           [   0.04794] color: 32 (rgba 8880), depth: 0, stencil: 0, acc: 0000, samples: 0/0
display  D   display_settings.c:398  _al_score_display_settings       [   0.04797] Single Buffer requirement not met.
display  D   display_settings.c:212  debug_display_settings           [   0.04799] color: 32 (rgba 8880), depth: 24, stencil: 8, acc: 0000, samples: 0/0
display  D   display_settings.c:398  _al_score_display_settings       [   0.04801] Single Buffer requirement not met.
display  D   display_settings.c:212  debug_display_settings           [   0.04804] color: 32 (rgba 8880), depth: 24, stencil: 8, acc: 0000, samples: 0/0
display  D   display_settings.c:398  _al_score_display_settings       [   0.04806] Single Buffer requirement not met.
display  D   display_settings.c:212  debug_display_settings           [   0.04808] color: 32 (rgba 8880), depth: 24, stencil: 0, acc: 0000, samples: 0/0
display  D   display_settings.c:398  _al_score_display_settings       [   0.04811] Single Buffer requirement not met.
display  D   display_settings.c:212  debug_display_settings           [   0.04813] color: 32 (rgba 8880), depth: 24, stencil: 0, acc: 0000, samples: 0/0
display  D   display_settings.c:398  _al_score_display_settings       [   0.04816] Single Buffer requirement not met.
display  D   display_settings.c:212  debug_display_settings           [   0.04818] color: 32 (rgba 8880), depth: 16, stencil: 0, acc: 0000, samples: 0/0
display  D   display_settings.c:398  _al_score_display_settings       [   0.04820] Single Buffer requirement not met.
display  D   display_settings.c:212  debug_display_settings           [   0.04822] color: 32 (rgba 8880), depth: 16, stencil: 0, acc: 0000, samples: 0/0
display  D   display_settings.c:398  _al_score_display_settings       [   0.04826] Single Buffer requirement not met.
display  D   display_settings.c:212  debug_display_settings           [   0.04828] color: 16 (rgba 5650), depth: 0, stencil: 0, acc: 0000, samples: 0/0
display  D   display_settings.c:398  _al_score_display_settings       [   0.04832] Single Buffer requirement not met.
display  D   display_settings.c:212  debug_display_settings           [   0.04835] color: 16 (rgba 5650), depth: 0, stencil: 0, acc: 0000, samples: 0/0
display  D   display_settings.c:398  _al_score_display_settings       [   0.04839] Single Buffer requirement not met.
display  D   display_settings.c:212  debug_display_settings           [   0.04842] color: 16 (rgba 5650), depth: 24, stencil: 8, acc: 0000, samples: 0/0
display  D   display_settings.c:398  _al_score_display_settings       [   0.04846] Single Buffer requirement not met.
display  D   display_settings.c:212  debug_display_settings           [   0.04848] color: 16 (rgba 5650), depth: 24, stencil: 8, acc: 0000, samples: 0/0
display  D   display_settings.c:398  _al_score_display_settings       [   0.04851] Single Buffer requirement not met.
display  D   display_settings.c:212  debug_display_settings           [   0.04853] color: 16 (rgba 5650), depth: 24, stencil: 0, acc: 0000, samples: 0/0
display  D   display_settings.c:398  _al_score_display_settings       [   0.04855] Single Buffer requirement not met.
display  D   display_settings.c:212  debug_display_settings           [   0.04857] color: 16 (rgba 5650), depth: 24, stencil: 0, acc: 0000, samples: 0/0
display  D   display_settings.c:398  _al_score_display_settings       [   0.04860] Single Buffer requirement not met.
display  D   display_settings.c:212  debug_display_settings           [   0.04862] color: 16 (rgba 5650), depth: 16, stencil: 0, acc: 0000, samples: 0/0
display  D   display_settings.c:398  _al_score_display_settings       [   0.04864] Single Buffer requirement not met.
display  D   display_settings.c:212  debug_display_settings           [   0.04867] color: 16 (rgba 5650), depth: 16, stencil: 0, acc: 0000, samples: 0/0
display  D   display_settings.c:398  _al_score_display_settings       [   0.04869] Single Buffer requirement not met.
d3d      D         d3d_disp.cpp:1668 d3d_create_display_internals     [   0.04873] Trying format 0.
d3d      I         d3d_disp.cpp:1344 d3d_display_thread_proc          [   0.04985] Chose a display format: 23
d3d      I         d3d_disp.cpp:1413 d3d_display_thread_proc          [   0.04991] Normal window.
d3d      I         d3d_disp.cpp:781  d3d_create_device                [   0.15144] Using no depth stencil buffer
d3d      D         d3d_disp.cpp:839  d3d_create_device                [   0.17744] BeginScene succeeded in create_device
d3d      D         d3d_disp.cpp:847  d3d_create_device                [   0.17750] Success
d3d      D         d3d_disp.cpp:1691 d3d_create_display_internals     [   0.17756] Resumed after wait.
d3d      I         d3d_disp.cpp:1724 d3d_create_display_internals     [   0.17762] Format 0 succeeded.
d3d      D         d3d_disp.cpp:1755 d3d_create_display_internals     [   0.17768] Returning d3d_display: 0000025D90ED7340
d3d      D         d3d_disp.cpp:1780 d3d_create_display_locked        [   0.17771] al_display=0000025D90ED7340
d3d      D         d3d_disp.cpp:1781 d3d_create_display_locked        [   0.17774] al_display->vt=0000025D90ED0E30
system   D            wsystem.c:852  _al_win_safe_load_library        [   0.17806] PathFindOnPath found: C:\WINDOWS\system32\d3dx9_43.dll
system   D            wsystem.c:763  load_library_at_path             [   0.17809] Calling LoadLibrary C:\WINDOWS\system32\d3dx9_43.dll
system   I            wsystem.c:766  load_library_at_path             [   0.18157] Loaded C:\WINDOWS\system32\d3dx9_43.dll
d3dx9    I        d3d_d3dx9.cpp:88   _imp_load_d3dx9_module_version   [   0.18170] Module "d3dx9_43.dll" loaded.
dtor     D               dtor.c:196  _al_register_destructor          [   0.18261] added dtor for timer 0000025D90F0BB60, func 00007FFE75B5214E
stdio    D         file_stdio.c:110  file_stdio_fopen                 [   0.18279] opening gfx/Pallet_Town_Interiors.png rb
stdio    D         file_stdio.c:110  file_stdio_fopen                 [   0.18336] opening gfx/Pallet_Town_Interiors.png rb
d3d      D         d3d_disp.cpp:1188 real_choose_bitmap_format        [   0.18370] Fake format
d3d      D         d3d_disp.cpp:1188 real_choose_bitmap_format        [   0.18374] Fake format
d3d      D         d3d_disp.cpp:1188 real_choose_bitmap_format        [   0.18376] Fake format
d3d      D         d3d_disp.cpp:1188 real_choose_bitmap_format        [   0.18378] Fake format
d3d      D         d3d_disp.cpp:1188 real_choose_bitmap_format        [   0.18379] Fake format
d3d      D         d3d_disp.cpp:1188 real_choose_bitmap_format        [   0.18384] Fake format
d3d      D         d3d_disp.cpp:1188 real_choose_bitmap_format        [   0.18388] Fake format
d3d      D         d3d_disp.cpp:1188 real_choose_bitmap_format        [   0.18391] Fake format
d3d      D         d3d_disp.cpp:1188 real_choose_bitmap_format        [   0.18393] Fake format
d3d      D         d3d_disp.cpp:1196 real_choose_bitmap_format        [   0.18395] Alpha doesn't match
d3d      D         d3d_disp.cpp:1203 real_choose_bitmap_format        [   0.18398] Adapter format is 23
d3d      D         d3d_disp.cpp:1206 real_choose_bitmap_format        [   0.18402] Found a format
d3d      I         d3d_disp.cpp:2377 d3d_create_bitmap                [   0.18405] Chose bitmap format 9
dtor     D               dtor.c:196  _al_register_destructor          [   0.18521] added dtor for bitmap 0000025D997CE8A0, func 00007FFE75B51334
stdio    D         file_stdio.c:110  file_stdio_fopen                 [   0.19077] opening gfx/Pallet_Town_Full.png rb
stdio    D         file_stdio.c:110  file_stdio_fopen                 [   0.19103] opening gfx/Pallet_Town_Full.png rb
d3d      D         d3d_disp.cpp:1188 real_choose_bitmap_format        [   0.19122] Fake format
d3d      D         d3d_disp.cpp:1188 real_choose_bitmap_format        [   0.19126] Fake format
d3d      D         d3d_disp.cpp:1188 real_choose_bitmap_format        [   0.19130] Fake format
d3d      D         d3d_disp.cpp:1188 real_choose_bitmap_format        [   0.19134] Fake format
d3d      D         d3d_disp.cpp:1188 real_choose_bitmap_format        [   0.19137] Fake format
d3d      D         d3d_disp.cpp:1188 real_choose_bitmap_format        [   0.19141] Fake format
d3d      D         d3d_disp.cpp:1188 real_choose_bitmap_format        [   0.19143] Fake format
d3d      D         d3d_disp.cpp:1188 real_choose_bitmap_format        [   0.19146] Fake format
d3d      D         d3d_disp.cpp:1188 real_choose_bitmap_format        [   0.19149] Fake format
d3d      D         d3d_disp.cpp:1196 real_choose_bitmap_format        [   0.19154] Alpha doesn't match
d3d      D         d3d_disp.cpp:1203 real_choose_bitmap_format        [   0.19158] Adapter format is 23
d3d      D         d3d_disp.cpp:1206 real_choose_bitmap_format        [   0.19162] Found a format
d3d      I         d3d_disp.cpp:2377 d3d_create_bitmap                [   0.19166] Chose bitmap format 9
dtor     D               dtor.c:196  _al_register_destructor          [   0.19251] added dtor for bitmap 0000025D997CCAE0, func 00007FFE75B51334
d3d      D         d3d_disp.cpp:1188 real_choose_bitmap_format        [   0.20348] Fake format
d3d      D         d3d_disp.cpp:1188 real_choose_bitmap_format        [   0.20354] Fake format
d3d      D         d3d_disp.cpp:1188 real_choose_bitmap_format        [   0.20357] Fake format
d3d      D         d3d_disp.cpp:1188 real_choose_bitmap_format        [   0.20360] Fake format
d3d      D         d3d_disp.cpp:1188 real_choose_bitmap_format        [   0.20363] Fake format
d3d      D         d3d_disp.cpp:1188 real_choose_bitmap_format        [   0.20365] Fake format
d3d      D         d3d_disp.cpp:1188 real_choose_bitmap_format        [   0.20368] Fake format
d3d      D         d3d_disp.cpp:1188 real_choose_bitmap_format        [   0.20371] Fake format
d3d      D         d3d_disp.cpp:1188 real_choose_bitmap_format        [   0.20374] Fake format
d3d      D         d3d_disp.cpp:1196 real_choose_bitmap_format        [   0.20376] Alpha doesn't match
d3d      D         d3d_disp.cpp:1203 real_choose_bitmap_format        [   0.20379] Adapter format is 23
d3d      D         d3d_disp.cpp:1206 real_choose_bitmap_format        [   0.20382] Found a format
d3d      I         d3d_disp.cpp:2377 d3d_create_bitmap                [   0.20385] Chose bitmap format 9
dtor     D               dtor.c:196  _al_register_destructor          [   0.21931] added dtor for bitmap 0000025D997CCE20, func 00007FFE75B51334
stdio    D         file_stdio.c:110  file_stdio_fopen                 [   0.22034] opening gfx/Hero&Heroine.png rb
stdio    D         file_stdio.c:110  file_stdio_fopen                 [   0.22115] opening gfx/Hero&Heroine.png rb
d3d      D         d3d_disp.cpp:1188 real_choose_bitmap_format        [   0.22191] Fake format
d3d      D         d3d_disp.cpp:1188 real_choose_bitmap_format        [   0.22195] Fake format
d3d      D         d3d_disp.cpp:1188 real_choose_bitmap_format        [   0.22199] Fake format
d3d      D         d3d_disp.cpp:1188 real_choose_bitmap_format        [   0.22202] Fake format
d3d      D         d3d_disp.cpp:1188 real_choose_bitmap_format        [   0.22204] Fake format
d3d      D         d3d_disp.cpp:1188 real_choose_bitmap_format        [   0.22207] Fake format
d3d      D         d3d_disp.cpp:1188 real_choose_bitmap_format        [   0.22210] Fake format
d3d      D         d3d_disp.cpp:1188 real_choose_bitmap_format        [   0.22212] Fake format
d3d      D         d3d_disp.cpp:1188 real_choose_bitmap_format        [   0.22215] Fake format
d3d      D         d3d_disp.cpp:1196 real_choose_bitmap_format        [   0.22218] Alpha doesn't match
d3d      D         d3d_disp.cpp:1203 real_choose_bitmap_format        [   0.22220] Adapter format is 23
d3d      D         d3d_disp.cpp:1206 real_choose_bitmap_format        [   0.22223] Found a format
d3d      I         d3d_disp.cpp:2377 d3d_create_bitmap                [   0.22226] Chose bitmap format 9
dtor     D               dtor.c:196  _al_register_destructor          [   0.22312] added dtor for bitmap 0000025D99C13B00, func 00007FFE75B51334
d3d      D          d3d_bmp.cpp:539  _al_d3d_sync_bitmap              [   0.25878] _al_d3d_sync_bitmap (system) ref count == 1
d3d      D          d3d_bmp.cpp:545  _al_d3d_sync_bitmap              [   0.25885] _al_d3d_sync_bitmap (video) ref count == 1
d3d      D          d3d_bmp.cpp:539  _al_d3d_sync_bitmap              [   0.31678] _al_d3d_sync_bitmap (system) ref count == 1
d3d      D          d3d_bmp.cpp:545  _al_d3d_sync_bitmap              [   0.31684] _al_d3d_sync_bitmap (video) ref count == 1
d3d      D          d3d_bmp.cpp:539  _al_d3d_sync_bitmap              [   0.31929] _al_d3d_sync_bitmap (system) ref count == 1
d3d      D          d3d_bmp.cpp:545  _al_d3d_sync_bitmap              [   0.31933] _al_d3d_sync_bitmap (video) ref count == 1
d3d      D          d3d_bmp.cpp:539  _al_d3d_sync_bitmap              [   0.32122] _al_d3d_sync_bitmap (system) ref count == 1
d3d      D          d3d_bmp.cpp:545  _al_d3d_sync_bitmap              [   0.32128] _al_d3d_sync_bitmap (video) ref count == 1
d3d      D          d3d_bmp.cpp:539  _al_d3d_sync_bitmap              [   0.39882] _al_d3d_sync_bitmap (system) ref count == 1
d3d      D          d3d_bmp.cpp:545  _al_d3d_sync_bitmap              [   0.39894] _al_d3d_sync_bitmap (video) ref count == 1
d3d      D          d3d_bmp.cpp:539  _al_d3d_sync_bitmap              [   5.89275] _al_d3d_sync_bitmap (system) ref count == 1
d3d      D          d3d_bmp.cpp:545  _al_d3d_sync_bitmap              [   5.89281] _al_d3d_sync_bitmap (video) ref count == 1
d3d      D          d3d_bmp.cpp:539  _al_d3d_sync_bitmap              [   7.52703] _al_d3d_sync_bitmap (system) ref count == 1
d3d      D          d3d_bmp.cpp:545  _al_d3d_sync_bitmap              [   7.52712] _al_d3d_sync_bitmap (video) ref count == 1
d3d      D          d3d_bmp.cpp:539  _al_d3d_sync_bitmap              [  13.83034] _al_d3d_sync_bitmap (system) ref count == 1
d3d      D          d3d_bmp.cpp:545  _al_d3d_sync_bitmap              [  13.83050] _al_d3d_sync_bitmap (video) ref count == 1
d3d      D          d3d_bmp.cpp:539  _al_d3d_sync_bitmap              [  15.26089] _al_d3d_sync_bitmap (system) ref count == 1
d3d      D          d3d_bmp.cpp:545  _al_d3d_sync_bitmap              [  15.26107] _al_d3d_sync_bitmap (video) ref count == 1
