stdio    D         file_stdio.c:110  file_stdio_fopen                 [   0.00000] opening C:\Users\MartinPearson\Documents\dev\repos\nginx\Debug\allegro5.cfg r
system   D            wsystem.c:802  maybe_parent_dir                 [   0.00000] Also searching C:\Users\MartinPearson\Documents\dev\repos\nginx\
system   D            wsystem.c:852  _al_win_safe_load_library        [   0.00000] PathFindOnPath found: C:\WINDOWS\system32\shcore.dll
system   D            wsystem.c:763  load_library_at_path             [   0.00000] Calling LoadLibrary C:\WINDOWS\system32\shcore.dll
system   I            wsystem.c:766  load_library_at_path             [   0.00000] Loaded C:\WINDOWS\system32\shcore.dll
system   I             system.c:267  al_install_system                [   0.00000] Allegro version: 5.2.5
stdio    D         file_stdio.c:110  file_stdio_fopen                 [   0.00035] opening fonts/Roboto-Medium.ttf rb
font     D                ttf.c:942  al_load_ttf_font_stretch_f       [   0.00080] Font fonts/Roboto-Medium.ttf loaded with pixel size 0 x 50.
font     D                ttf.c:944  al_load_ttf_font_stretch_f       [   0.00084]     ascent=47.0, descent=-13.0, height=59.0
dtor     D               dtor.c:196  _al_register_destructor          [   0.00087] added dtor for ttf_font 0128D428, func 0FA911B3
dtor     D               dtor.c:196  _al_register_destructor          [   0.00090] added dtor for queue 01295CB0, func 0F541541
system   D            wsystem.c:852  _al_win_safe_load_library        [   0.00104] PathFindOnPath found: C:\WINDOWS\system32\d3d9.dll
system   D            wsystem.c:763  load_library_at_path             [   0.00106] Calling LoadLibrary C:\WINDOWS\system32\d3d9.dll
system   I            wsystem.c:766  load_library_at_path             [   0.00730] Loaded C:\WINDOWS\system32\d3d9.dll
d3d      I         d3d_disp.cpp:674  d3d_init_display                 [   0.03389] Render-to-texture: 1
d3d      I         d3d_disp.cpp:1768 d3d_create_display_locked        [   0.03742] faux_fullscreen=0
d3d      D         d3d_disp.cpp:1769 d3d_create_display_locked        [   0.03747] al_display=012C3578
d3d      D         d3d_disp.cpp:1770 d3d_create_display_locked        [   0.03750] al_display->vt=012F3F08
d3d      I d3d_display_formats.cpp:144  _al_d3d_generate_display_format_list [   0.04399] found 64 format combinations
display  D   display_settings.c:212  debug_display_settings           [   0.04405] color: 32 (rgba 8880), depth: 0, stencil: 0, acc: 0000, samples: 0/0
display  D   display_settings.c:527  _al_score_display_settings       [   0.04409] Score is : 897
display  D   display_settings.c:212  debug_display_settings           [   0.04411] color: 32 (rgba 8880), depth: 0, stencil: 0, acc: 0000, samples: 0/0
display  D   display_settings.c:527  _al_score_display_settings       [   0.04414] Score is : 897
display  D   display_settings.c:212  debug_display_settings           [   0.04417] color: 32 (rgba 8880), depth: 24, stencil: 8, acc: 0000, samples: 0/0
display  D   display_settings.c:527  _al_score_display_settings       [   0.04420] Score is : 897
display  D   display_settings.c:212  debug_display_settings           [   0.04422] color: 32 (rgba 8880), depth: 24, stencil: 8, acc: 0000, samples: 0/0
display  D   display_settings.c:527  _al_score_display_settings       [   0.04425] Score is : 897
display  D   display_settings.c:212  debug_display_settings           [   0.04427] color: 32 (rgba 8880), depth: 24, stencil: 0, acc: 0000, samples: 0/0
display  D   display_settings.c:527  _al_score_display_settings       [   0.04430] Score is : 897
display  D   display_settings.c:212  debug_display_settings           [   0.04433] color: 32 (rgba 8880), depth: 24, stencil: 0, acc: 0000, samples: 0/0
display  D   display_settings.c:527  _al_score_display_settings       [   0.04437] Score is : 897
display  D   display_settings.c:212  debug_display_settings           [   0.04441] color: 32 (rgba 8880), depth: 16, stencil: 0, acc: 0000, samples: 0/0
display  D   display_settings.c:527  _al_score_display_settings       [   0.04446] Score is : 897
display  D   display_settings.c:212  debug_display_settings           [   0.04456] color: 32 (rgba 8880), depth: 16, stencil: 0, acc: 0000, samples: 0/0
display  D   display_settings.c:527  _al_score_display_settings       [   0.04460] Score is : 897
display  D   display_settings.c:212  debug_display_settings           [   0.04462] color: 16 (rgba 5650), depth: 0, stencil: 0, acc: 0000, samples: 0/0
display  D   display_settings.c:527  _al_score_display_settings       [   0.04465] Score is : 897
display  D   display_settings.c:212  debug_display_settings           [   0.04467] color: 16 (rgba 5650), depth: 0, stencil: 0, acc: 0000, samples: 0/0
display  D   display_settings.c:527  _al_score_display_settings       [   0.04470] Score is : 897
display  D   display_settings.c:212  debug_display_settings           [   0.04473] color: 16 (rgba 5650), depth: 24, stencil: 8, acc: 0000, samples: 0/0
display  D   display_settings.c:527  _al_score_display_settings       [   0.04476] Score is : 897
display  D   display_settings.c:212  debug_display_settings           [   0.04478] color: 16 (rgba 5650), depth: 24, stencil: 8, acc: 0000, samples: 0/0
display  D   display_settings.c:527  _al_score_display_settings       [   0.04481] Score is : 897
display  D   display_settings.c:212  debug_display_settings           [   0.04484] color: 16 (rgba 5650), depth: 24, stencil: 0, acc: 0000, samples: 0/0
display  D   display_settings.c:527  _al_score_display_settings       [   0.04487] Score is : 897
display  D   display_settings.c:212  debug_display_settings           [   0.04489] color: 16 (rgba 5650), depth: 24, stencil: 0, acc: 0000, samples: 0/0
display  D   display_settings.c:527  _al_score_display_settings       [   0.04492] Score is : 897
display  D   display_settings.c:212  debug_display_settings           [   0.04494] color: 16 (rgba 5650), depth: 16, stencil: 0, acc: 0000, samples: 0/0
display  D   display_settings.c:527  _al_score_display_settings       [   0.04497] Score is : 897
display  D   display_settings.c:212  debug_display_settings           [   0.04499] color: 16 (rgba 5650), depth: 16, stencil: 0, acc: 0000, samples: 0/0
display  D   display_settings.c:527  _al_score_display_settings       [   0.04503] Score is : 897
display  D   display_settings.c:212  debug_display_settings           [   0.04507] color: 32 (rgba 8880), depth: 0, stencil: 0, acc: 0000, samples: 0/0
display  D   display_settings.c:398  _al_score_display_settings       [   0.04512] Single Buffer requirement not met.
display  D   display_settings.c:212  debug_display_settings           [   0.04516] color: 32 (rgba 8880), depth: 0, stencil: 0, acc: 0000, samples: 0/0
display  D   display_settings.c:398  _al_score_display_settings       [   0.04520] Single Buffer requirement not met.
display  D   display_settings.c:212  debug_display_settings           [   0.04523] color: 32 (rgba 8880), depth: 24, stencil: 8, acc: 0000, samples: 0/0
display  D   display_settings.c:398  _al_score_display_settings       [   0.04526] Single Buffer requirement not met.
display  D   display_settings.c:212  debug_display_settings           [   0.04528] color: 32 (rgba 8880), depth: 24, stencil: 8, acc: 0000, samples: 0/0
display  D   display_settings.c:398  _al_score_display_settings       [   0.04531] Single Buffer requirement not met.
display  D   display_settings.c:212  debug_display_settings           [   0.04534] color: 32 (rgba 8880), depth: 24, stencil: 0, acc: 0000, samples: 0/0
display  D   display_settings.c:398  _al_score_display_settings       [   0.04537] Single Buffer requirement not met.
display  D   display_settings.c:212  debug_display_settings           [   0.04540] color: 32 (rgba 8880), depth: 24, stencil: 0, acc: 0000, samples: 0/0
display  D   display_settings.c:398  _al_score_display_settings       [   0.04543] Single Buffer requirement not met.
display  D   display_settings.c:212  debug_display_settings           [   0.04546] color: 32 (rgba 8880), depth: 16, stencil: 0, acc: 0000, samples: 0/0
display  D   display_settings.c:398  _al_score_display_settings       [   0.04558] Single Buffer requirement not met.
display  D   display_settings.c:212  debug_display_settings           [   0.04562] color: 32 (rgba 8880), depth: 16, stencil: 0, acc: 0000, samples: 0/0
display  D   display_settings.c:398  _al_score_display_settings       [   0.04565] Single Buffer requirement not met.
display  D   display_settings.c:212  debug_display_settings           [   0.04567] color: 16 (rgba 5650), depth: 0, stencil: 0, acc: 0000, samples: 0/0
display  D   display_settings.c:398  _al_score_display_settings       [   0.04570] Single Buffer requirement not met.
display  D   display_settings.c:212  debug_display_settings           [   0.04573] color: 16 (rgba 5650), depth: 0, stencil: 0, acc: 0000, samples: 0/0
display  D   display_settings.c:398  _al_score_display_settings       [   0.04576] Single Buffer requirement not met.
display  D   display_settings.c:212  debug_display_settings           [   0.04578] color: 16 (rgba 5650), depth: 24, stencil: 8, acc: 0000, samples: 0/0
display  D   display_settings.c:398  _al_score_display_settings       [   0.04581] Single Buffer requirement not met.
display  D   display_settings.c:212  debug_display_settings           [   0.04584] color: 16 (rgba 5650), depth: 24, stencil: 8, acc: 0000, samples: 0/0
display  D   display_settings.c:398  _al_score_display_settings       [   0.04587] Single Buffer requirement not met.
display  D   display_settings.c:212  debug_display_settings           [   0.04591] color: 16 (rgba 5650), depth: 24, stencil: 0, acc: 0000, samples: 0/0
display  D   display_settings.c:398  _al_score_display_settings       [   0.04593] Single Buffer requirement not met.
display  D   display_settings.c:212  debug_display_settings           [   0.04596] color: 16 (rgba 5650), depth: 24, stencil: 0, acc: 0000, samples: 0/0
display  D   display_settings.c:398  _al_score_display_settings       [   0.04598] Single Buffer requirement not met.
display  D   display_settings.c:212  debug_display_settings           [   0.04601] color: 16 (rgba 5650), depth: 16, stencil: 0, acc: 0000, samples: 0/0
display  D   display_settings.c:398  _al_score_display_settings       [   0.04604] Single Buffer requirement not met.
display  D   display_settings.c:212  debug_display_settings           [   0.04608] color: 16 (rgba 5650), depth: 16, stencil: 0, acc: 0000, samples: 0/0
display  D   display_settings.c:398  _al_score_display_settings       [   0.04612] Single Buffer requirement not met.
display  D   display_settings.c:212  debug_display_settings           [   0.04616] color: 32 (rgba 8880), depth: 0, stencil: 0, acc: 0000, samples: 0/0
display  D   display_settings.c:527  _al_score_display_settings       [   0.04621] Score is : 769
display  D   display_settings.c:212  debug_display_settings           [   0.04624] color: 32 (rgba 8880), depth: 0, stencil: 0, acc: 0000, samples: 0/0
display  D   display_settings.c:527  _al_score_display_settings       [   0.04629] Score is : 769
display  D   display_settings.c:212  debug_display_settings           [   0.04632] color: 32 (rgba 8880), depth: 24, stencil: 8, acc: 0000, samples: 0/0
display  D   display_settings.c:527  _al_score_display_settings       [   0.04637] Score is : 769
display  D   display_settings.c:212  debug_display_settings           [   0.04641] color: 32 (rgba 8880), depth: 24, stencil: 8, acc: 0000, samples: 0/0
display  D   display_settings.c:527  _al_score_display_settings       [   0.04645] Score is : 769
display  D   display_settings.c:212  debug_display_settings           [   0.04649] color: 32 (rgba 8880), depth: 24, stencil: 0, acc: 0000, samples: 0/0
display  D   display_settings.c:527  _al_score_display_settings       [   0.04653] Score is : 769
display  D   display_settings.c:212  debug_display_settings           [   0.04657] color: 32 (rgba 8880), depth: 24, stencil: 0, acc: 0000, samples: 0/0
display  D   display_settings.c:527  _al_score_display_settings       [   0.04661] Score is : 769
display  D   display_settings.c:212  debug_display_settings           [   0.04669] color: 32 (rgba 8880), depth: 16, stencil: 0, acc: 0000, samples: 0/0
display  D   display_settings.c:527  _al_score_display_settings       [   0.04674] Score is : 769
display  D   display_settings.c:212  debug_display_settings           [   0.04678] color: 32 (rgba 8880), depth: 16, stencil: 0, acc: 0000, samples: 0/0
display  D   display_settings.c:527  _al_score_display_settings       [   0.04683] Score is : 769
display  D   display_settings.c:212  debug_display_settings           [   0.04686] color: 16 (rgba 5650), depth: 0, stencil: 0, acc: 0000, samples: 0/0
display  D   display_settings.c:527  _al_score_display_settings       [   0.04691] Score is : 769
display  D   display_settings.c:212  debug_display_settings           [   0.04694] color: 16 (rgba 5650), depth: 0, stencil: 0, acc: 0000, samples: 0/0
display  D   display_settings.c:527  _al_score_display_settings       [   0.04699] Score is : 769
display  D   display_settings.c:212  debug_display_settings           [   0.04702] color: 16 (rgba 5650), depth: 24, stencil: 8, acc: 0000, samples: 0/0
display  D   display_settings.c:527  _al_score_display_settings       [   0.04707] Score is : 769
display  D   display_settings.c:212  debug_display_settings           [   0.04710] color: 16 (rgba 5650), depth: 24, stencil: 8, acc: 0000, samples: 0/0
display  D   display_settings.c:527  _al_score_display_settings       [   0.04715] Score is : 769
display  D   display_settings.c:212  debug_display_settings           [   0.04718] color: 16 (rgba 5650), depth: 24, stencil: 0, acc: 0000, samples: 0/0
display  D   display_settings.c:527  _al_score_display_settings       [   0.04723] Score is : 769
display  D   display_settings.c:212  debug_display_settings           [   0.04726] color: 16 (rgba 5650), depth: 24, stencil: 0, acc: 0000, samples: 0/0
display  D   display_settings.c:527  _al_score_display_settings       [   0.04731] Score is : 769
display  D   display_settings.c:212  debug_display_settings           [   0.04735] color: 16 (rgba 5650), depth: 16, stencil: 0, acc: 0000, samples: 0/0
display  D   display_settings.c:527  _al_score_display_settings       [   0.04739] Score is : 769
display  D   display_settings.c:212  debug_display_settings           [   0.04743] color: 16 (rgba 5650), depth: 16, stencil: 0, acc: 0000, samples: 0/0
display  D   display_settings.c:527  _al_score_display_settings       [   0.04747] Score is : 769
display  D   display_settings.c:212  debug_display_settings           [   0.04751] color: 32 (rgba 8880), depth: 0, stencil: 0, acc: 0000, samples: 0/0
display  D   display_settings.c:398  _al_score_display_settings       [   0.04755] Single Buffer requirement not met.
display  D   display_settings.c:212  debug_display_settings           [   0.04759] color: 32 (rgba 8880), depth: 0, stencil: 0, acc: 0000, samples: 0/0
display  D   display_settings.c:398  _al_score_display_settings       [   0.04764] Single Buffer requirement not met.
display  D   display_settings.c:212  debug_display_settings           [   0.04767] color: 32 (rgba 8880), depth: 24, stencil: 8, acc: 0000, samples: 0/0
display  D   display_settings.c:398  _al_score_display_settings       [   0.04772] Single Buffer requirement not met.
display  D   display_settings.c:212  debug_display_settings           [   0.04776] color: 32 (rgba 8880), depth: 24, stencil: 8, acc: 0000, samples: 0/0
display  D   display_settings.c:398  _al_score_display_settings       [   0.04780] Single Buffer requirement not met.
display  D   display_settings.c:212  debug_display_settings           [   0.04784] color: 32 (rgba 8880), depth: 24, stencil: 0, acc: 0000, samples: 0/0
display  D   display_settings.c:398  _al_score_display_settings       [   0.04789] Single Buffer requirement not met.
display  D   display_settings.c:212  debug_display_settings           [   0.04792] color: 32 (rgba 8880), depth: 24, stencil: 0, acc: 0000, samples: 0/0
display  D   display_settings.c:398  _al_score_display_settings       [   0.04797] Single Buffer requirement not met.
display  D   display_settings.c:212  debug_display_settings           [   0.04801] color: 32 (rgba 8880), depth: 16, stencil: 0, acc: 0000, samples: 0/0
display  D   display_settings.c:398  _al_score_display_settings       [   0.04806] Single Buffer requirement not met.
display  D   display_settings.c:212  debug_display_settings           [   0.04810] color: 32 (rgba 8880), depth: 16, stencil: 0, acc: 0000, samples: 0/0
display  D   display_settings.c:398  _al_score_display_settings       [   0.04814] Single Buffer requirement not met.
display  D   display_settings.c:212  debug_display_settings           [   0.04818] color: 16 (rgba 5650), depth: 0, stencil: 0, acc: 0000, samples: 0/0
display  D   display_settings.c:398  _al_score_display_settings       [   0.04822] Single Buffer requirement not met.
display  D   display_settings.c:212  debug_display_settings           [   0.04826] color: 16 (rgba 5650), depth: 0, stencil: 0, acc: 0000, samples: 0/0
display  D   display_settings.c:398  _al_score_display_settings       [   0.04831] Single Buffer requirement not met.
display  D   display_settings.c:212  debug_display_settings           [   0.04834] color: 16 (rgba 5650), depth: 24, stencil: 8, acc: 0000, samples: 0/0
display  D   display_settings.c:398  _al_score_display_settings       [   0.04839] Single Buffer requirement not met.
display  D   display_settings.c:212  debug_display_settings           [   0.04843] color: 16 (rgba 5650), depth: 24, stencil: 8, acc: 0000, samples: 0/0
display  D   display_settings.c:398  _al_score_display_settings       [   0.04847] Single Buffer requirement not met.
display  D   display_settings.c:212  debug_display_settings           [   0.04851] color: 16 (rgba 5650), depth: 24, stencil: 0, acc: 0000, samples: 0/0
display  D   display_settings.c:398  _al_score_display_settings       [   0.04855] Single Buffer requirement not met.
display  D   display_settings.c:212  debug_display_settings           [   0.04859] color: 16 (rgba 5650), depth: 24, stencil: 0, acc: 0000, samples: 0/0
display  D   display_settings.c:398  _al_score_display_settings       [   0.04863] Single Buffer requirement not met.
display  D   display_settings.c:212  debug_display_settings           [   0.04867] color: 16 (rgba 5650), depth: 16, stencil: 0, acc: 0000, samples: 0/0
display  D   display_settings.c:398  _al_score_display_settings       [   0.04872] Single Buffer requirement not met.
display  D   display_settings.c:212  debug_display_settings           [   0.04875] color: 16 (rgba 5650), depth: 16, stencil: 0, acc: 0000, samples: 0/0
display  D   display_settings.c:398  _al_score_display_settings       [   0.04878] Single Buffer requirement not met.
d3d      D         d3d_disp.cpp:1668 d3d_create_display_internals     [   0.04882] Trying format 0.
d3d      I         d3d_disp.cpp:1344 d3d_display_thread_proc          [   0.04967] Chose a display format: 23
d3d      I         d3d_disp.cpp:1413 d3d_display_thread_proc          [   0.04973] Normal window.
d3d      I         d3d_disp.cpp:781  d3d_create_device                [   0.12489] Using no depth stencil buffer
d3d      D         d3d_disp.cpp:839  d3d_create_device                [   0.17064] BeginScene succeeded in create_device
d3d      D         d3d_disp.cpp:847  d3d_create_device                [   0.17070] Success
d3d      D         d3d_disp.cpp:1691 d3d_create_display_internals     [   0.17075] Resumed after wait.
d3d      I         d3d_disp.cpp:1724 d3d_create_display_internals     [   0.17080] Format 0 succeeded.
d3d      D         d3d_disp.cpp:1755 d3d_create_display_internals     [   0.17086] Returning d3d_display: 012C3578
d3d      D         d3d_disp.cpp:1780 d3d_create_display_locked        [   0.17090] al_display=012C3578
d3d      D         d3d_disp.cpp:1781 d3d_create_display_locked        [   0.17093] al_display->vt=012F3F08
system   D            wsystem.c:852  _al_win_safe_load_library        [   0.17130] PathFindOnPath found: C:\WINDOWS\system32\d3dx9_43.dll
system   D            wsystem.c:763  load_library_at_path             [   0.17134] Calling LoadLibrary C:\WINDOWS\system32\d3dx9_43.dll
system   I            wsystem.c:766  load_library_at_path             [   0.17480] Loaded C:\WINDOWS\system32\d3dx9_43.dll
d3dx9    I        d3d_d3dx9.cpp:88   _imp_load_d3dx9_module_version   [   0.17487] Module "d3dx9_43.dll" loaded.
dtor     D               dtor.c:196  _al_register_destructor          [   0.17599] added dtor for timer 012BE5A8, func 0F54168B
